<?xml version="1.0" encoding="UTF-8"?>
<!-- Generated by org.testng.reporters.JUnitReportReporter -->
<testsuite hostname="DESKTOP-02HTNM8" failures="0" tests="3" name="com.telus.registerdemo.RegisterDemo" time="4.579" errors="0" timestamp="2023-03-03T12:39:49 IST" skipped="0">
  <testcase classname="com.telus.registerdemo.RegisterDemo" name="navigateToRegisterDemoPage" time="1.268"/>
  <system-out/>
  <testcase classname="com.telus.registerdemo.RegisterDemo" name="registerDemo" time="3.264"/>
  <system-out/>
  <testcase classname="com.telus.registerdemo.RegisterDemo" name="validateSuccessfulMessage" time="0.047"/>
  <system-out/>
</testsuite> <!-- com.telus.registerdemo.RegisterDemo -->
