<?xml version="1.0" encoding="UTF-8"?>
<!-- Generated by org.testng.reporters.JUnitReportReporter -->
<testsuite hostname="DESKTOP-02HTNM8" failures="0" tests="1" name="com.automation.sanity.HandlingDynamicWebTable" time="4.131" errors="0" timestamp="2023-01-10T06:39:28 IST" skipped="0">
  <testcase classname="com.automation.sanity.HandlingDynamicWebTable" name="handlingWebTable" time="4.131"/>
  <system-out/>
</testsuite> <!-- com.automation.sanity.HandlingDynamicWebTable -->
